2025-03-19 22:02:53 INFO: \u2705 Database connection established.
2025-03-19 22:02:53 INFO: 
\U0001f528 Creating tables (with history) if they don't exist...
2025-03-19 22:02:53 INFO: \u2705 Tables (and history tables) are ready.

2025-03-19 22:02:53 INFO: 
\U0001f4c2 Processing all JSON files in 'data/json/'...
2025-03-19 22:02:53 INFO:   \u2192 Inserting data from: data/json/mensuel_20210301_20210331.json
2025-03-19 22:02:53 INFO:   \u2192 Loading JSON data from: data/json/mensuel_20210301_20210331.json
2025-03-19 22:06:18 INFO:   \u2192 Finished inserting/updating data from: data/json/mensuel_20210301_20210331.json
2025-03-19 22:06:18 INFO: \u2705 Done processing mensuel_20210301_20210331.json
2025-03-19 22:06:18 INFO: All JSON files processed.
2025-03-19 22:06:18 INFO: Database connection closed.
2025-03-23 14:33:08 INFO: \u2705 Database connection established.
2025-03-23 14:33:08 INFO: 
\U0001f528 Creating tables (with history) if they don't exist...
2025-03-23 14:33:09 INFO: \u2705 Tables (and history tables) are ready.

2025-03-23 14:33:09 INFO: 
\U0001f4c2 Processing all JSON files in 'data/json/'...
2025-03-23 14:33:09 INFO:   \u2192 Inserting data from: data/json/mensuel_20210301_20210331.json
2025-03-23 14:33:09 INFO:   \u2192 Loading JSON data from: data/json/mensuel_20210301_20210331.json
2025-03-23 14:36:03 INFO:   \u2192 Finished inserting/updating data from: data/json/mensuel_20210301_20210331.json
2025-03-23 14:36:03 INFO: \u2705 Done processing mensuel_20210301_20210331.json
2025-03-23 14:36:03 INFO: All JSON files processed.
2025-03-23 14:36:03 INFO: Database connection closed.
2025-03-23 18:08:55 INFO: \u2705 Database connection established.
2025-03-23 18:08:55 INFO: 
\U0001f528 Creating tables (with history) if they don't exist...
2025-03-23 18:08:56 INFO: \u2705 Tables (and history tables) are ready.

2025-03-23 18:08:56 INFO: 
\U0001f4c2 Processing all JSON files in 'data/json/'...
2025-03-23 18:08:56 INFO:   \u2192 Inserting data from: data/json/mensuel_20210301_20210331.json
2025-03-23 18:08:56 INFO:   \u2192 Loading JSON data from: data/json/mensuel_20210301_20210331.json
2025-03-23 18:12:16 INFO:   \u2192 Finished inserting/updating data from: data/json/mensuel_20210301_20210331.json
2025-03-23 18:12:16 INFO: \u2705 Done processing mensuel_20210301_20210331.json
2025-03-23 18:12:16 INFO: All JSON files processed.
2025-03-23 18:12:16 INFO: Database connection closed.
2025-03-23 18:17:57 INFO: \u2705 Database connection established.
2025-03-23 18:17:57 INFO: 
\U0001f528 Creating tables (with history) if they don't exist...
2025-03-23 18:17:58 INFO: \u2705 Tables (and history tables) are ready.

2025-03-23 18:17:58 INFO: 
\U0001f4c2 Processing all JSON files in 'data/json/'...
2025-03-23 18:17:58 INFO:   \u2192 Inserting data from: data/json/mensuel_20241201_20241231.json
2025-03-23 18:17:58 INFO:   \u2192 Loading JSON data from: data/json/mensuel_20241201_20241231.json
2025-03-23 18:23:14 INFO:   \u2192 Finished inserting/updating data from: data/json/mensuel_20241201_20241231.json
2025-03-23 18:23:14 INFO: \u2705 Done processing mensuel_20241201_20241231.json
2025-03-23 18:23:14 INFO: All JSON files processed.
2025-03-23 18:23:14 INFO: Database connection closed.
