2025-03-30 14:55:43 INFO: Database connection established.
2025-03-30 14:55:43 INFO: Processing XML in xml
2025-03-30 14:55:43 INFO: Inserting from xml\Avis_20090101_20091231.xml
2025-03-30 15:06:37 INFO: Inserting from xml\Contrats_20090101_20091231.xml
2025-03-30 15:06:37 INFO: Inserting from xml\Depenses_20090101_20091231.xml
2025-03-30 15:06:37 INFO: Inserting from xml\Avis_20100101_20101231.xml
2025-03-30 15:32:51 INFO: Inserting from xml\Contrats_20100101_20101231.xml
2025-03-30 15:32:51 INFO: Inserting from xml\Depenses_20100101_20101231.xml
2025-03-30 15:32:51 INFO: Inserting from xml\Avis_20110101_20111231.xml
2025-03-30 16:42:35 INFO: Inserting from xml\Contrats_20110101_20111231.xml
2025-03-30 16:42:35 INFO: Inserting from xml\Depenses_20110101_20111231.xml
2025-03-30 16:42:35 INFO: Inserting from xml\Avis_20120101_20121231.xml
2025-03-30 18:31:17 INFO: Inserting from xml\Contrats_20120101_20121231.xml
2025-03-30 18:31:20 INFO: Inserting from xml\Depenses_20120101_20121231.xml
2025-03-30 18:31:20 INFO: Inserting from xml\Avis_20130101_20131231.xml
2025-03-30 21:25:54 INFO: Inserting from xml\Contrats_20130101_20131231.xml
2025-03-30 21:26:10 INFO: Inserting from xml\Depenses_20130101_20131231.xml
2025-03-30 21:26:10 INFO: Inserting from xml\Avis_20140101_20141231.xml
2025-03-31 00:18:55 INFO: Inserting from xml\Contrats_20140101_20141231.xml
2025-03-31 00:19:35 INFO: Inserting from xml\Depenses_20140101_20141231.xml
2025-03-31 00:19:36 INFO: Inserting from xml\Avis_20150101_20151231.xml
2025-03-31 03:26:18 INFO: Inserting from xml\Contrats_20150101_20151231.xml
2025-03-31 03:26:52 ERROR: Cannot process contrat record from xml\Contrats_20150101_20151231.xml because primary key field is missing: numeroseao='942066', numero=''
2025-03-31 03:26:52 INFO: Inserting from xml\Depenses_20150101_20151231.xml
2025-03-31 03:26:53 INFO: Inserting from xml\Avis_20160101_20161231.xml
2025-03-31 07:04:39 INFO: Inserting from xml\Contrats_20160101_20161231.xml
2025-03-31 07:04:54 INFO: Inserting from xml\Depenses_20160101_20161231.xml
2025-03-31 07:04:56 INFO: Inserting from xml\Avis_20170101_20171231.xml
2025-03-31 11:13:22 INFO: Inserting from xml\Contrats_20170101_20171231.xml
2025-03-31 11:13:38 ERROR: Cannot process contrat record from xml\Contrats_20170101_20171231.xml because primary key field is missing: numeroseao='1066967', numero=''
2025-03-31 11:13:40 INFO: Inserting from xml\Depenses_20170101_20171231.xml
2025-03-31 11:13:42 INFO: Inserting from xml\Avis_20180101_20180131.xml
2025-03-31 11:28:57 INFO: Inserting from xml\Contrats_20180101_20180131.xml
2025-03-31 11:28:59 INFO: Inserting from xml\Depenses_20180101_20180131.xml
2025-03-31 11:29:00 INFO: Inserting from xml\AvisRevisions_20180101_20180131.xml
2025-03-31 11:30:40 INFO: Inserting from xml\ContratsRevisions_20180101_20180131.xml
2025-03-31 11:30:41 INFO: Inserting from xml\DepensesRevisions_20180101_20180131.xml
2025-03-31 11:30:42 INFO: Inserting from xml\Avis_20180201_20180228.xml
2025-03-31 11:48:07 INFO: Inserting from xml\Contrats_20180201_20180228.xml
2025-03-31 11:48:08 INFO: Inserting from xml\Depenses_20180201_20180228.xml
2025-03-31 11:48:08 INFO: Inserting from xml\AvisRevisions_20180201_20180228.xml
2025-03-31 11:49:03 INFO: Inserting from xml\ContratsRevisions_20180201_20180228.xml
2025-03-31 11:49:05 INFO: Inserting from xml\DepensesRevisions_20180201_20180228.xml
2025-03-31 11:49:05 INFO: Inserting from xml\Avis_20180301_20180331.xml
2025-03-31 12:08:51 INFO: Inserting from xml\Contrats_20180301_20180331.xml
2025-03-31 12:08:52 INFO: Inserting from xml\Depenses_20180301_20180331.xml
2025-03-31 12:08:54 INFO: Inserting from xml\AvisRevisions_20180301_20180331.xml
2025-03-31 12:10:37 INFO: Inserting from xml\ContratsRevisions_20180301_20180331.xml
2025-03-31 12:10:37 INFO: Inserting from xml\DepensesRevisions_20180301_20180331.xml
2025-03-31 12:10:37 INFO: Inserting from xml\Avis_20180401_20180430.xml
2025-03-31 12:34:06 INFO: Inserting from xml\Contrats_20180401_20180430.xml
2025-03-31 12:34:09 INFO: Inserting from xml\Depenses_20180401_20180430.xml
2025-03-31 12:34:09 INFO: Inserting from xml\AvisRevisions_20180401_20180430.xml
2025-03-31 12:34:59 INFO: Inserting from xml\ContratsRevisions_20180401_20180430.xml
2025-03-31 12:35:00 INFO: Inserting from xml\DepensesRevisions_20180401_20180430.xml
2025-03-31 12:35:00 INFO: Inserting from xml\Avis_20180501_20180531.xml
2025-03-31 13:01:41 INFO: Inserting from xml\Contrats_20180501_20180531.xml
2025-03-31 13:01:42 ERROR: Cannot process contrat record from xml\Contrats_20180501_20180531.xml because primary key field is missing: numeroseao='918517', numero=''
2025-03-31 13:01:43 INFO: Inserting from xml\Depenses_20180501_20180531.xml
2025-03-31 13:01:43 INFO: Inserting from xml\AvisRevisions_20180501_20180531.xml
2025-03-31 13:03:28 INFO: Inserting from xml\ContratsRevisions_20180501_20180531.xml
2025-03-31 13:03:28 INFO: Inserting from xml\DepensesRevisions_20180501_20180531.xml
2025-03-31 13:03:28 INFO: Inserting from xml\Avis_20180601_20180630.xml
2025-03-31 13:33:09 INFO: Inserting from xml\Contrats_20180601_20180630.xml
2025-03-31 13:33:13 INFO: Inserting from xml\Depenses_20180601_20180630.xml
2025-03-31 13:33:13 INFO: Inserting from xml\AvisRevisions_20180601_20180630.xml
2025-03-31 13:35:10 INFO: Inserting from xml\ContratsRevisions_20180601_20180630.xml
2025-03-31 13:35:12 INFO: Inserting from xml\DepensesRevisions_20180601_20180630.xml
2025-03-31 13:35:12 INFO: Inserting from xml\Avis_20180701_20180731.xml
2025-03-31 14:05:34 INFO: Inserting from xml\Contrats_20180701_20180731.xml
2025-03-31 14:05:35 INFO: Inserting from xml\Depenses_20180701_20180731.xml
2025-03-31 14:05:35 INFO: Inserting from xml\AvisRevisions_20180701_20180731.xml
2025-03-31 14:06:57 INFO: Inserting from xml\ContratsRevisions_20180701_20180731.xml
2025-03-31 14:06:57 INFO: Inserting from xml\DepensesRevisions_20180701_20180731.xml
2025-03-31 14:06:57 INFO: Inserting from xml\Avis_20180801_20180831.xml
2025-03-31 14:29:16 INFO: Inserting from xml\Contrats_20180801_20180831.xml
2025-03-31 14:29:19 INFO: Inserting from xml\Depenses_20180801_20180831.xml
2025-03-31 14:29:20 INFO: Inserting from xml\AvisRevisions_20180801_20180831.xml
2025-03-31 14:31:31 INFO: Inserting from xml\ContratsRevisions_20180801_20180831.xml
2025-03-31 14:31:32 INFO: Inserting from xml\DepensesRevisions_20180801_20180831.xml
2025-03-31 14:31:32 INFO: Inserting from xml\Avis_20180901_20180930.xml
2025-03-31 14:52:48 INFO: Inserting from xml\Contrats_20180901_20180930.xml
2025-03-31 14:52:51 INFO: Inserting from xml\Depenses_20180901_20180930.xml
2025-03-31 14:52:51 INFO: Inserting from xml\AvisRevisions_20180901_20180930.xml
2025-03-31 14:54:17 INFO: Inserting from xml\ContratsRevisions_20180901_20180930.xml
2025-03-31 14:54:18 INFO: Inserting from xml\DepensesRevisions_20180901_20180930.xml
2025-03-31 14:54:19 INFO: Inserting from xml\Avis_20181001_20181031.xml
2025-03-31 15:17:32 INFO: Inserting from xml\Contrats_20181001_20181031.xml
2025-03-31 15:17:34 INFO: Inserting from xml\Depenses_20181001_20181031.xml
2025-03-31 15:17:35 INFO: Inserting from xml\AvisRevisions_20181001_20181031.xml
2025-03-31 15:19:54 INFO: Inserting from xml\ContratsRevisions_20181001_20181031.xml
2025-03-31 15:19:55 INFO: Inserting from xml\DepensesRevisions_20181001_20181031.xml
2025-03-31 15:19:55 INFO: Inserting from xml\Avis_20181101_20181130.xml
2025-03-31 15:41:09 INFO: Inserting from xml\Contrats_20181101_20181130.xml
2025-03-31 15:41:11 INFO: Inserting from xml\Depenses_20181101_20181130.xml
2025-03-31 15:41:11 INFO: Inserting from xml\AvisRevisions_20181101_20181130.xml
2025-03-31 15:43:07 INFO: Inserting from xml\ContratsRevisions_20181101_20181130.xml
2025-03-31 15:43:07 INFO: Inserting from xml\DepensesRevisions_20181101_20181130.xml
2025-03-31 15:43:08 INFO: Inserting from xml\Avis_20181201_20181231.xml
2025-03-31 16:03:32 INFO: Inserting from xml\Contrats_20181201_20181231.xml
2025-03-31 16:03:34 INFO: Inserting from xml\Depenses_20181201_20181231.xml
2025-03-31 16:03:35 INFO: Inserting from xml\AvisRevisions_20181201_20181231.xml
2025-03-31 16:05:27 INFO: Inserting from xml\ContratsRevisions_20181201_20181231.xml
2025-03-31 16:05:27 INFO: Inserting from xml\DepensesRevisions_20181201_20181231.xml
2025-03-31 16:05:27 INFO: Inserting from xml\Avis_20190101_20190131.xml
2025-03-31 16:24:17 INFO: Inserting from xml\Contrats_20190101_20190131.xml
2025-03-31 16:24:18 INFO: Inserting from xml\Depenses_20190101_20190131.xml
2025-03-31 16:24:18 INFO: Inserting from xml\AvisRevisions_20190101_20190131.xml
2025-03-31 16:25:59 INFO: Inserting from xml\ContratsRevisions_20190101_20190131.xml
2025-03-31 16:25:59 INFO: Inserting from xml\DepensesRevisions_20190101_20190131.xml
2025-03-31 16:25:59 INFO: Inserting from xml\Avis_20190201_20190228.xml
2025-03-31 16:45:10 INFO: Inserting from xml\Contrats_20190201_20190228.xml
2025-03-31 16:45:12 INFO: Inserting from xml\Depenses_20190201_20190228.xml
2025-03-31 16:45:12 INFO: Inserting from xml\AvisRevisions_20190201_20190228.xml
2025-03-31 16:46:23 INFO: Inserting from xml\ContratsRevisions_20190201_20190228.xml
2025-03-31 16:46:23 INFO: Inserting from xml\DepensesRevisions_20190201_20190228.xml
2025-03-31 16:46:23 INFO: Inserting from xml\Avis_20190301_20190331.xml
2025-03-31 17:12:05 INFO: Inserting from xml\Contrats_20190301_20190331.xml
2025-03-31 17:12:08 INFO: Inserting from xml\Depenses_20190301_20190331.xml
2025-03-31 17:12:08 INFO: Inserting from xml\AvisRevisions_20190301_20190331.xml
2025-03-31 17:13:41 INFO: Inserting from xml\ContratsRevisions_20190301_20190331.xml
2025-03-31 17:13:41 INFO: Inserting from xml\DepensesRevisions_20190301_20190331.xml
2025-03-31 17:13:41 INFO: Inserting from xml\Avis_20190401_20190430.xml
2025-03-31 17:44:28 INFO: Inserting from xml\Contrats_20190401_20190430.xml
2025-03-31 17:44:30 INFO: Inserting from xml\Depenses_20190401_20190430.xml
2025-03-31 17:44:30 INFO: Inserting from xml\AvisRevisions_20190401_20190430.xml
2025-03-31 17:46:03 INFO: Inserting from xml\ContratsRevisions_20190401_20190430.xml
2025-03-31 17:46:03 INFO: Inserting from xml\DepensesRevisions_20190401_20190430.xml
2025-03-31 17:46:03 INFO: Inserting from xml\Avis_20190501_20190531.xml
2025-03-31 18:23:03 INFO: Inserting from xml\Contrats_20190501_20190531.xml
2025-03-31 18:23:04 INFO: Inserting from xml\Depenses_20190501_20190531.xml
2025-03-31 18:23:04 INFO: Inserting from xml\AvisRevisions_20190501_20190531.xml
2025-03-31 18:25:35 INFO: Inserting from xml\ContratsRevisions_20190501_20190531.xml
2025-03-31 18:25:36 INFO: Inserting from xml\DepensesRevisions_20190501_20190531.xml
2025-03-31 18:25:36 INFO: Inserting from xml\Avis_20190601_20190630.xml
2025-03-31 19:01:13 INFO: Inserting from xml\Contrats_20190601_20190630.xml
2025-03-31 19:01:16 INFO: Inserting from xml\Depenses_20190601_20190630.xml
2025-03-31 19:01:16 INFO: Inserting from xml\AvisRevisions_20190601_20190630.xml
2025-03-31 19:08:27 INFO: Inserting from xml\ContratsRevisions_20190601_20190630.xml
2025-03-31 19:08:28 INFO: Inserting from xml\DepensesRevisions_20190601_20190630.xml
2025-03-31 19:08:28 INFO: Inserting from xml\Avis_20190701_20190731.xml
2025-03-31 19:43:50 INFO: Inserting from xml\Contrats_20190701_20190731.xml
2025-03-31 19:43:53 INFO: Inserting from xml\Depenses_20190701_20190731.xml
2025-03-31 19:43:53 INFO: Inserting from xml\AvisRevisions_20190701_20190731.xml
2025-03-31 19:46:24 INFO: Inserting from xml\ContratsRevisions_20190701_20190731.xml
2025-03-31 19:46:26 INFO: Inserting from xml\DepensesRevisions_20190701_20190731.xml
2025-03-31 19:46:26 INFO: Inserting from xml\Avis_20190801_20190831.xml
2025-03-31 20:13:14 INFO: Inserting from xml\Contrats_20190801_20190831.xml
2025-03-31 20:13:17 INFO: Inserting from xml\Depenses_20190801_20190831.xml
2025-03-31 20:13:17 INFO: Inserting from xml\AvisRevisions_20190801_20190831.xml
2025-03-31 20:15:18 INFO: Inserting from xml\ContratsRevisions_20190801_20190831.xml
2025-03-31 20:15:18 INFO: Inserting from xml\DepensesRevisions_20190801_20190831.xml
2025-03-31 20:15:18 INFO: Inserting from xml\Avis_20190901_20190930.xml
2025-03-31 20:39:53 INFO: Inserting from xml\Contrats_20190901_20190930.xml
2025-03-31 20:39:54 INFO: Inserting from xml\Depenses_20190901_20190930.xml
2025-03-31 20:39:54 INFO: Inserting from xml\AvisRevisions_20190901_20190930.xml
2025-03-31 20:43:08 INFO: Inserting from xml\ContratsRevisions_20190901_20190930.xml
2025-03-31 20:43:08 INFO: Inserting from xml\DepensesRevisions_20190901_20190930.xml
2025-03-31 20:43:08 INFO: Inserting from xml\Avis_20191001_20191031.xml
2025-03-31 21:22:43 INFO: Inserting from xml\Contrats_20191001_20191031.xml
2025-03-31 21:22:46 INFO: Inserting from xml\Depenses_20191001_20191031.xml
2025-03-31 21:22:47 INFO: Inserting from xml\AvisRevisions_20191001_20191031.xml
2025-03-31 21:28:33 INFO: Inserting from xml\ContratsRevisions_20191001_20191031.xml
2025-03-31 21:28:33 INFO: Inserting from xml\DepensesRevisions_20191001_20191031.xml
2025-03-31 21:28:33 INFO: Inserting from xml\Avis_20191101_20191130.xml
2025-03-31 22:04:24 INFO: Inserting from xml\Contrats_20191101_20191130.xml
2025-03-31 22:04:27 INFO: Inserting from xml\Depenses_20191101_20191130.xml
2025-03-31 22:04:28 INFO: Inserting from xml\AvisRevisions_20191101_20191130.xml
2025-03-31 22:11:13 INFO: Inserting from xml\ContratsRevisions_20191101_20191130.xml
2025-03-31 22:11:13 INFO: Inserting from xml\DepensesRevisions_20191101_20191130.xml
2025-03-31 22:11:13 INFO: Inserting from xml\Avis_20191201_20191231.xml
2025-03-31 22:46:30 INFO: Inserting from xml\Contrats_20191201_20191231.xml
2025-03-31 22:46:33 INFO: Inserting from xml\Depenses_20191201_20191231.xml
2025-03-31 22:46:33 INFO: Inserting from xml\AvisRevisions_20191201_20191231.xml
2025-03-31 22:51:14 INFO: Inserting from xml\ContratsRevisions_20191201_20191231.xml
2025-03-31 22:51:14 INFO: Inserting from xml\DepensesRevisions_20191201_20191231.xml
2025-03-31 22:51:15 INFO: Inserting from xml\Avis_20200101_20200131.xml
2025-03-31 23:27:44 INFO: Inserting from xml\Contrats_20200101_20200131.xml
2025-03-31 23:27:47 INFO: Inserting from xml\Depenses_20200101_20200131.xml
2025-03-31 23:27:47 INFO: Inserting from xml\AvisRevisions_20200101_20200131.xml
2025-03-31 23:32:26 INFO: Inserting from xml\ContratsRevisions_20200101_20200131.xml
2025-03-31 23:32:26 INFO: Inserting from xml\DepensesRevisions_20200101_20200131.xml
2025-03-31 23:32:27 INFO: Inserting from xml\Avis_20200201_20200229.xml
2025-03-31 23:58:58 INFO: Inserting from xml\Contrats_20200201_20200229.xml
2025-03-31 23:59:00 INFO: Inserting from xml\Depenses_20200201_20200229.xml
2025-03-31 23:59:01 INFO: Inserting from xml\AvisRevisions_20200201_20200229.xml
2025-04-01 00:03:51 INFO: Inserting from xml\ContratsRevisions_20200201_20200229.xml
2025-04-01 00:03:51 INFO: Inserting from xml\DepensesRevisions_20200201_20200229.xml
2025-04-01 00:03:51 INFO: Inserting from xml\Avis_20200301_20200331.xml
2025-04-01 00:31:32 INFO: Inserting from xml\Contrats_20200301_20200331.xml
2025-04-01 00:31:33 INFO: Inserting from xml\Depenses_20200301_20200331.xml
2025-04-01 00:31:33 INFO: Inserting from xml\AvisRevisions_20200301_20200331.xml
2025-04-01 00:36:34 INFO: Inserting from xml\ContratsRevisions_20200301_20200331.xml
2025-04-01 00:36:35 INFO: Inserting from xml\DepensesRevisions_20200301_20200331.xml
2025-04-01 00:36:36 INFO: Inserting from xml\Avis_20200401_20200430.xml
2025-04-01 01:02:44 INFO: Inserting from xml\Contrats_20200401_20200430.xml
2025-04-01 01:02:45 INFO: Inserting from xml\Depenses_20200401_20200430.xml
2025-04-01 01:02:46 INFO: Inserting from xml\AvisRevisions_20200401_20200430.xml
2025-04-01 01:06:41 INFO: Inserting from xml\ContratsRevisions_20200401_20200430.xml
2025-04-01 01:06:41 INFO: Inserting from xml\DepensesRevisions_20200401_20200430.xml
2025-04-01 01:06:41 INFO: Inserting from xml\Avis_20200501_20200531.xml
2025-04-01 01:42:26 INFO: Inserting from xml\Contrats_20200501_20200531.xml
2025-04-01 01:42:27 INFO: Inserting from xml\Depenses_20200501_20200531.xml
2025-04-01 01:42:27 INFO: Inserting from xml\AvisRevisions_20200501_20200531.xml
2025-04-01 01:46:42 INFO: Inserting from xml\ContratsRevisions_20200501_20200531.xml
2025-04-01 01:46:42 INFO: Inserting from xml\DepensesRevisions_20200501_20200531.xml
2025-04-01 01:46:42 INFO: Inserting from xml\Avis_20200601_20200630.xml
2025-04-01 02:43:03 INFO: Inserting from xml\Contrats_20200601_20200630.xml
2025-04-01 02:43:04 INFO: Inserting from xml\Depenses_20200601_20200630.xml
2025-04-01 02:43:05 INFO: Inserting from xml\AvisRevisions_20200601_20200630.xml
2025-04-01 02:50:40 INFO: Inserting from xml\ContratsRevisions_20200601_20200630.xml
2025-04-01 02:50:41 INFO: Inserting from xml\DepensesRevisions_20200601_20200630.xml
2025-04-01 02:50:41 INFO: Inserting from xml\Avis_20200701_20200731.xml
2025-04-01 03:39:36 INFO: Inserting from xml\Contrats_20200701_20200731.xml
2025-04-01 03:39:37 INFO: Inserting from xml\Depenses_20200701_20200731.xml
2025-04-01 03:39:37 INFO: Inserting from xml\AvisRevisions_20200701_20200731.xml
2025-04-01 03:43:28 INFO: Inserting from xml\ContratsRevisions_20200701_20200731.xml
2025-04-01 03:43:28 INFO: Inserting from xml\DepensesRevisions_20200701_20200731.xml
2025-04-01 03:43:28 INFO: Inserting from xml\Avis_20200801_20200831.xml
2025-04-01 04:11:07 INFO: Inserting from xml\Contrats_20200801_20200831.xml
2025-04-01 04:11:09 INFO: Inserting from xml\Depenses_20200801_20200831.xml
2025-04-01 04:11:09 INFO: Inserting from xml\AvisRevisions_20200801_20200831.xml
2025-04-01 04:17:06 INFO: Inserting from xml\ContratsRevisions_20200801_20200831.xml
2025-04-01 04:17:06 INFO: Inserting from xml\DepensesRevisions_20200801_20200831.xml
2025-04-01 04:17:06 INFO: Inserting from xml\Avis_20200901_20200930.xml
2025-04-01 04:51:12 INFO: Inserting from xml\Contrats_20200901_20200930.xml
2025-04-01 04:51:15 INFO: Inserting from xml\Depenses_20200901_20200930.xml
2025-04-01 04:51:15 INFO: Inserting from xml\AvisRevisions_20200901_20200930.xml
2025-04-01 04:57:29 INFO: Inserting from xml\ContratsRevisions_20200901_20200930.xml
2025-04-01 04:57:30 INFO: Inserting from xml\DepensesRevisions_20200901_20200930.xml
2025-04-01 04:57:30 INFO: Inserting from xml\Avis_20201001_20201031.xml
2025-04-01 05:29:59 INFO: Inserting from xml\Contrats_20201001_20201031.xml
2025-04-01 05:30:00 INFO: Inserting from xml\Depenses_20201001_20201031.xml
2025-04-01 05:30:01 INFO: Inserting from xml\AvisRevisions_20201001_20201031.xml
2025-04-01 05:34:30 INFO: Inserting from xml\ContratsRevisions_20201001_20201031.xml
2025-04-01 05:34:30 INFO: Inserting from xml\DepensesRevisions_20201001_20201031.xml
2025-04-01 05:34:30 INFO: Inserting from xml\Avis_20201101_20201130.xml
2025-04-01 06:06:50 INFO: Inserting from xml\Contrats_20201101_20201130.xml
2025-04-01 06:06:51 INFO: Inserting from xml\Depenses_20201101_20201130.xml
2025-04-01 06:06:52 INFO: Inserting from xml\AvisRevisions_20201101_20201130.xml
2025-04-01 06:16:36 INFO: Inserting from xml\ContratsRevisions_20201101_20201130.xml
2025-04-01 06:16:36 INFO: Inserting from xml\DepensesRevisions_20201101_20201130.xml
2025-04-01 06:16:37 INFO: Inserting from xml\Avis_20201201_20201231.xml
2025-04-01 06:51:51 INFO: Inserting from xml\Contrats_20201201_20201231.xml
2025-04-01 06:51:52 INFO: Inserting from xml\Depenses_20201201_20201231.xml
2025-04-01 06:51:53 INFO: Inserting from xml\AvisRevisions_20201201_20201231.xml
2025-04-01 06:59:05 INFO: Inserting from xml\ContratsRevisions_20201201_20201231.xml
2025-04-01 06:59:05 INFO: Inserting from xml\DepensesRevisions_20201201_20201231.xml
2025-04-01 06:59:05 INFO: Inserting from xml\Avis_20210101_20210131.xml
2025-04-01 07:30:26 INFO: Inserting from xml\Contrats_20210101_20210131.xml
2025-04-01 07:30:27 INFO: Inserting from xml\Depenses_20210101_20210131.xml
2025-04-01 07:30:27 INFO: Inserting from xml\AvisRevisions_20210101_20210131.xml
2025-04-01 07:37:01 INFO: Inserting from xml\ContratsRevisions_20210101_20210131.xml
2025-04-01 07:37:01 INFO: Inserting from xml\DepensesRevisions_20210101_20210131.xml
2025-04-01 07:37:01 INFO: Inserting from xml\Avis_20210201_20210228.xml
2025-04-01 08:09:55 INFO: Inserting from xml\Contrats_20210201_20210228.xml
2025-04-01 08:09:57 INFO: Inserting from xml\Depenses_20210201_20210228.xml
2025-04-01 08:09:57 INFO: Inserting from xml\AvisRevisions_20210201_20210228.xml
2025-04-01 08:14:09 INFO: Inserting from xml\ContratsRevisions_20210201_20210228.xml
2025-04-01 08:14:09 INFO: Inserting from xml\DepensesRevisions_20210201_20210228.xml
2025-04-01 08:14:09 INFO: Inserting from xml\Avis_20210301_20210331.xml
2025-04-01 08:59:48 INFO: Inserting from xml\Contrats_20210301_20210331.xml
2025-04-01 08:59:51 ERROR: Cannot process contrat record from xml\Contrats_20210301_20210331.xml because primary key field is missing: numeroseao='1397513', numero=''
2025-04-01 08:59:52 INFO: Inserting from xml\Depenses_20210301_20210331.xml
2025-04-01 08:59:52 INFO: Inserting from xml\AvisRevisions_20210301_20210331.xml
2025-04-01 09:11:40 INFO: Inserting from xml\ContratsRevisions_20210301_20210331.xml
2025-04-01 09:11:40 INFO: Inserting from xml\DepensesRevisions_20210301_20210331.xml
2025-04-01 09:11:40 INFO: Inserting from xml\Avis_20210401_20210430.xml
2025-04-01 09:56:25 INFO: Inserting from xml\Contrats_20210401_20210430.xml
2025-04-01 09:56:28 INFO: Inserting from xml\Depenses_20210401_20210430.xml
2025-04-01 09:56:28 INFO: Inserting from xml\AvisRevisions_20210401_20210430.xml
2025-04-01 10:04:35 INFO: Inserting from xml\ContratsRevisions_20210401_20210430.xml
2025-04-01 10:04:35 INFO: Inserting from xml\DepensesRevisions_20210401_20210430.xml
2025-04-01 10:04:35 INFO: Inserting from xml\Avis_20210501_20210531.xml
2025-04-01 10:51:17 INFO: Inserting from xml\Contrats_20210501_20210531.xml
2025-04-01 10:51:21 INFO: Inserting from xml\Depenses_20210501_20210531.xml
2025-04-01 10:51:21 INFO: Inserting from xml\AvisRevisions_20210501_20210531.xml
2025-04-01 10:58:16 INFO: Inserting from xml\ContratsRevisions_20210501_20210531.xml
2025-04-01 10:58:16 INFO: Inserting from xml\DepensesRevisions_20210501_20210531.xml
2025-04-01 10:58:16 INFO: Inserting from xml\Avis_20210601_20210630.xml
2025-04-01 11:45:50 INFO: Inserting from xml\Contrats_20210601_20210630.xml
2025-04-01 11:45:53 INFO: Inserting from xml\Depenses_20210601_20210630.xml
2025-04-01 11:45:53 INFO: Inserting from xml\AvisRevisions_20210601_20210630.xml
2025-04-01 11:53:17 INFO: Inserting from xml\ContratsRevisions_20210601_20210630.xml
2025-04-01 11:53:18 INFO: Inserting from xml\DepensesRevisions_20210601_20210630.xml
2025-04-01 11:53:18 INFO: Inserting from xml\Avis_20210701_20210731.xml
2025-04-01 12:30:27 INFO: Inserting from xml\Contrats_20210701_20210731.xml
2025-04-01 12:30:29 INFO: Inserting from xml\Depenses_20210701_20210731.xml
2025-04-01 12:30:30 INFO: Inserting from xml\AvisRevisions_20210701_20210731.xml
2025-04-01 12:33:33 INFO: Inserting from xml\ContratsRevisions_20210701_20210731.xml
2025-04-01 12:33:33 INFO: Inserting from xml\DepensesRevisions_20210701_20210731.xml
2025-04-01 12:33:33 INFO: Inserting from xml\Avis_20210801_20210831.xml
2025-04-01 13:03:53 INFO: Inserting from xml\Contrats_20210801_20210831.xml
2025-04-01 13:03:55 INFO: Inserting from xml\Depenses_20210801_20210831.xml
2025-04-01 13:03:56 INFO: Inserting from xml\AvisRevisions_20210801_20210831.xml
2025-04-01 13:09:25 INFO: Inserting from xml\ContratsRevisions_20210801_20210831.xml
2025-04-01 13:09:25 INFO: Inserting from xml\DepensesRevisions_20210801_20210831.xml
2025-04-01 13:09:25 INFO: Inserting from xml\Avis_20210901_20210930.xml
2025-04-01 13:42:23 INFO: Inserting from xml\Contrats_20210901_20210930.xml
2025-04-01 13:42:27 INFO: Inserting from xml\Depenses_20210901_20210930.xml
2025-04-01 13:42:28 INFO: Inserting from xml\AvisRevisions_20210901_20210930.xml
2025-04-01 13:51:00 INFO: Inserting from xml\ContratsRevisions_20210901_20210930.xml
2025-04-01 13:51:00 INFO: Inserting from xml\DepensesRevisions_20210901_20210930.xml
2025-04-01 13:51:00 INFO: Inserting from xml\Avis_20211001_20211031.xml
2025-04-01 14:25:40 INFO: Inserting from xml\Contrats_20211001_20211031.xml
2025-04-01 14:25:44 INFO: Inserting from xml\Depenses_20211001_20211031.xml
2025-04-01 14:25:44 INFO: Inserting from xml\AvisRevisions_20211001_20211031.xml
2025-04-01 14:33:55 INFO: Inserting from xml\ContratsRevisions_20211001_20211031.xml
2025-04-01 14:33:55 INFO: Inserting from xml\DepensesRevisions_20211001_20211031.xml
2025-04-01 14:33:55 INFO: Inserting from xml\Avis_20211101_20211130.xml
2025-04-01 15:09:22 INFO: Inserting from xml\Contrats_20211101_20211130.xml
2025-04-01 15:09:24 INFO: Inserting from xml\Depenses_20211101_20211130.xml
2025-04-01 15:09:25 INFO: Inserting from xml\AvisRevisions_20211101_20211130.xml
2025-04-01 15:20:31 INFO: Inserting from xml\ContratsRevisions_20211101_20211130.xml
2025-04-01 15:20:32 INFO: Inserting from xml\DepensesRevisions_20211101_20211130.xml
2025-04-01 15:20:32 INFO: Inserting from xml\Avis_20211201_20211231.xml
2025-04-01 15:55:47 INFO: Inserting from xml\Contrats_20211201_20211231.xml
2025-04-01 15:55:49 INFO: Inserting from xml\Depenses_20211201_20211231.xml
2025-04-01 15:55:50 INFO: Inserting from xml\AvisRevisions_20211201_20211231.xml
2025-04-01 16:03:22 INFO: Inserting from xml\ContratsRevisions_20211201_20211231.xml
2025-04-01 16:03:22 INFO: Inserting from xml\DepensesRevisions_20211201_20211231.xml
2025-04-01 16:03:24 INFO: Inserting from xml\Avis_20220101_20220131.xml
2025-04-01 16:33:45 INFO: Inserting from xml\Contrats_20220101_20220131.xml
2025-04-01 16:33:48 INFO: Inserting from xml\Depenses_20220101_20220131.xml
2025-04-01 16:33:48 INFO: Inserting from xml\AvisRevisions_20220101_20220131.xml
2025-04-01 16:41:41 INFO: Inserting from xml\ContratsRevisions_20220101_20220131.xml
2025-04-01 16:41:41 INFO: Inserting from xml\DepensesRevisions_20220101_20220131.xml
2025-04-01 16:41:41 INFO: Inserting from xml\Avis_20220201_20220228.xml
2025-04-01 17:17:16 INFO: Inserting from xml\Contrats_20220201_20220228.xml
2025-04-01 17:17:18 INFO: Inserting from xml\Depenses_20220201_20220228.xml
2025-04-01 17:17:19 INFO: Inserting from xml\AvisRevisions_20220201_20220228.xml
2025-04-01 17:24:39 INFO: Inserting from xml\ContratsRevisions_20220201_20220228.xml
2025-04-01 17:24:39 INFO: Inserting from xml\DepensesRevisions_20220201_20220228.xml
2025-04-01 17:24:39 INFO: Inserting from xml\Avis_20220301_20220331.xml
2025-04-01 18:10:04 INFO: Inserting from xml\Contrats_20220301_20220331.xml
2025-04-01 18:10:05 ERROR: Cannot process contrat record from xml\Contrats_20220301_20220331.xml because primary key field is missing: numeroseao='1319648', numero=''
2025-04-01 18:10:07 INFO: Inserting from xml\Depenses_20220301_20220331.xml
2025-04-01 18:10:07 INFO: Inserting from xml\AvisRevisions_20220301_20220331.xml
2025-04-01 18:19:30 INFO: Inserting from xml\ContratsRevisions_20220301_20220331.xml
2025-04-01 18:19:32 INFO: Inserting from xml\DepensesRevisions_20220301_20220331.xml
2025-04-01 18:19:32 INFO: Inserting from xml\Avis_20220401_20220430.xml
2025-04-01 19:05:07 INFO: Inserting from xml\Contrats_20220401_20220430.xml
2025-04-01 19:05:09 INFO: Inserting from xml\Depenses_20220401_20220430.xml
2025-04-01 19:05:10 INFO: Inserting from xml\AvisRevisions_20220401_20220430.xml
2025-04-01 19:12:44 INFO: Inserting from xml\ContratsRevisions_20220401_20220430.xml
2025-04-01 19:12:45 INFO: Inserting from xml\DepensesRevisions_20220401_20220430.xml
2025-04-01 19:12:45 INFO: Inserting from xml\Avis_20220501_20220531.xml
2025-04-01 20:01:45 INFO: Inserting from xml\Contrats_20220501_20220531.xml
2025-04-01 20:01:48 INFO: Inserting from xml\Depenses_20220501_20220531.xml
2025-04-01 20:01:48 INFO: Inserting from xml\AvisRevisions_20220501_20220531.xml
2025-04-01 20:12:03 INFO: Inserting from xml\ContratsRevisions_20220501_20220531.xml
2025-04-01 20:12:04 INFO: Inserting from xml\DepensesRevisions_20220501_20220531.xml
2025-04-01 20:12:04 INFO: Inserting from xml\Avis_20220601_20220630.xml
2025-04-01 21:03:28 INFO: Inserting from xml\Contrats_20220601_20220630.xml
2025-04-01 21:03:29 ERROR: Cannot process contrat record from xml\Contrats_20220601_20220630.xml because primary key field is missing: numeroseao='1489793', numero=''
2025-04-01 21:03:30 INFO: Inserting from xml\Depenses_20220601_20220630.xml
2025-04-01 21:03:30 INFO: Inserting from xml\AvisRevisions_20220601_20220630.xml
2025-04-01 21:12:57 INFO: Inserting from xml\ContratsRevisions_20220601_20220630.xml
2025-04-01 21:12:57 INFO: Inserting from xml\DepensesRevisions_20220601_20220630.xml
2025-04-01 21:12:58 INFO: Inserting from xml\Avis_20220701_20220731.xml
2025-04-01 22:00:28 INFO: Inserting from xml\Contrats_20220701_20220731.xml
2025-04-01 22:00:31 INFO: Inserting from xml\Depenses_20220701_20220731.xml
2025-04-01 22:00:31 INFO: Inserting from xml\AvisRevisions_20220701_20220731.xml
2025-04-01 22:08:23 INFO: Inserting from xml\ContratsRevisions_20220701_20220731.xml
2025-04-01 22:08:23 INFO: Inserting from xml\DepensesRevisions_20220701_20220731.xml
2025-04-01 22:08:24 INFO: Inserting from xml\Avis_20220801_20220831.xml
2025-04-01 22:49:28 INFO: Inserting from xml\Contrats_20220801_20220831.xml
2025-04-01 22:49:30 INFO: Inserting from xml\Depenses_20220801_20220831.xml
2025-04-01 22:49:30 INFO: Inserting from xml\AvisRevisions_20220801_20220831.xml
2025-04-01 22:59:48 INFO: Inserting from xml\ContratsRevisions_20220801_20220831.xml
2025-04-01 22:59:48 INFO: Inserting from xml\DepensesRevisions_20220801_20220831.xml
2025-04-01 22:59:48 INFO: Inserting from xml\Avis_20220901_20220930.xml
2025-04-01 23:42:38 INFO: Inserting from xml\Contrats_20220901_20220930.xml
2025-04-01 23:42:39 ERROR: Cannot process contrat record from xml\Contrats_20220901_20220930.xml because primary key field is missing: numeroseao='1605046', numero=''
2025-04-01 23:42:40 INFO: Inserting from xml\Depenses_20220901_20220930.xml
2025-04-01 23:42:40 INFO: Inserting from xml\AvisRevisions_20220901_20220930.xml
2025-04-01 23:52:27 INFO: Inserting from xml\ContratsRevisions_20220901_20220930.xml
2025-04-01 23:52:27 INFO: Inserting from xml\DepensesRevisions_20220901_20220930.xml
2025-04-01 23:52:27 INFO: Inserting from xml\Avis_20221001_20221031.xml
2025-04-02 00:33:17 INFO: Inserting from xml\Contrats_20221001_20221031.xml
2025-04-02 00:33:19 INFO: Inserting from xml\Depenses_20221001_20221031.xml
2025-04-02 00:33:19 INFO: Inserting from xml\AvisRevisions_20221001_20221031.xml
2025-04-02 00:45:24 INFO: Inserting from xml\ContratsRevisions_20221001_20221031.xml
2025-04-02 00:45:24 INFO: Inserting from xml\DepensesRevisions_20221001_20221031.xml
2025-04-02 00:45:24 INFO: Inserting from xml\Avis_20221101_20221130.xml
2025-04-02 01:34:13 INFO: Inserting from xml\Contrats_20221101_20221130.xml
2025-04-02 01:34:15 INFO: Inserting from xml\Depenses_20221101_20221130.xml
2025-04-02 01:34:15 INFO: Inserting from xml\AvisRevisions_20221101_20221130.xml
2025-04-02 01:45:18 INFO: Inserting from xml\ContratsRevisions_20221101_20221130.xml
2025-04-02 01:45:18 INFO: Inserting from xml\DepensesRevisions_20221101_20221130.xml
2025-04-02 01:45:18 INFO: Inserting from xml\Avis_20221201_20221231.xml
2025-04-02 02:33:28 INFO: Inserting from xml\Contrats_20221201_20221231.xml
2025-04-02 02:33:31 INFO: Inserting from xml\Depenses_20221201_20221231.xml
2025-04-02 02:33:31 INFO: Inserting from xml\AvisRevisions_20221201_20221231.xml
2025-04-02 02:44:39 INFO: Inserting from xml\ContratsRevisions_20221201_20221231.xml
2025-04-02 02:44:39 INFO: Inserting from xml\DepensesRevisions_20221201_20221231.xml
2025-04-02 02:44:39 INFO: Inserting from xml\Avis_20230101_20230131.xml
2025-04-02 03:25:47 INFO: Inserting from xml\Contrats_20230101_20230131.xml
2025-04-02 03:25:50 INFO: Inserting from xml\Depenses_20230101_20230131.xml
2025-04-02 03:25:50 INFO: Inserting from xml\AvisRevisions_20230101_20230131.xml
2025-04-02 03:37:15 INFO: Inserting from xml\ContratsRevisions_20230101_20230131.xml
2025-04-02 03:37:15 INFO: Inserting from xml\DepensesRevisions_20230101_20230131.xml
2025-04-02 03:37:15 INFO: Inserting from xml\Avis_20230201_20230228.xml
2025-04-02 04:22:05 INFO: Inserting from xml\Contrats_20230201_20230228.xml
2025-04-02 04:22:09 INFO: Inserting from xml\Depenses_20230201_20230228.xml
2025-04-02 04:22:10 INFO: Inserting from xml\AvisRevisions_20230201_20230228.xml
2025-04-02 04:31:00 INFO: Inserting from xml\ContratsRevisions_20230201_20230228.xml
2025-04-02 04:31:01 INFO: Inserting from xml\DepensesRevisions_20230201_20230228.xml
2025-04-02 04:31:01 INFO: Inserting from xml\Avis_20230301_20230331.xml
2025-04-02 05:35:50 INFO: Inserting from xml\Contrats_20230301_20230331.xml
2025-04-02 05:35:55 INFO: Inserting from xml\Depenses_20230301_20230331.xml
2025-04-02 05:35:56 INFO: Inserting from xml\AvisRevisions_20230301_20230331.xml
2025-04-02 05:47:51 INFO: Inserting from xml\ContratsRevisions_20230301_20230331.xml
2025-04-02 05:47:51 INFO: Inserting from xml\DepensesRevisions_20230301_20230331.xml
2025-04-02 05:47:52 INFO: Inserting from xml\Avis_20230401_20230430.xml
2025-04-02 06:40:41 INFO: Inserting from xml\Contrats_20230401_20230430.xml
2025-04-02 06:40:45 INFO: Inserting from xml\Depenses_20230401_20230430.xml
2025-04-02 06:40:45 INFO: Inserting from xml\AvisRevisions_20230401_20230430.xml
2025-04-02 06:49:47 INFO: Inserting from xml\ContratsRevisions_20230401_20230430.xml
2025-04-02 06:49:48 INFO: Inserting from xml\DepensesRevisions_20230401_20230430.xml
2025-04-02 06:49:48 INFO: Inserting from xml\Avis_20230501_20230531.xml
2025-04-02 07:51:06 INFO: Inserting from xml\Contrats_20230501_20230531.xml
2025-04-02 07:51:11 INFO: Inserting from xml\Depenses_20230501_20230531.xml
2025-04-02 07:51:11 INFO: Inserting from xml\AvisRevisions_20230501_20230531.xml
2025-04-02 08:01:22 INFO: Inserting from xml\ContratsRevisions_20230501_20230531.xml
2025-04-02 08:01:22 INFO: Inserting from xml\DepensesRevisions_20230501_20230531.xml
2025-04-02 08:01:23 INFO: Inserting from xml\Avis_20230601_20230630.xml
2025-04-02 09:02:03 INFO: Inserting from xml\Contrats_20230601_20230630.xml
2025-04-02 09:02:08 INFO: Inserting from xml\Depenses_20230601_20230630.xml
2025-04-02 09:02:08 INFO: Inserting from xml\AvisRevisions_20230601_20230630.xml
2025-04-02 09:14:14 INFO: Inserting from xml\ContratsRevisions_20230601_20230630.xml
2025-04-02 09:14:15 INFO: Inserting from xml\DepensesRevisions_20230601_20230630.xml
2025-04-02 09:14:16 INFO: Inserting from xml\Avis_20230701_20230731.xml
2025-04-02 10:08:07 INFO: Inserting from xml\Contrats_20230701_20230731.xml
2025-04-02 10:08:13 INFO: Inserting from xml\Depenses_20230701_20230731.xml
2025-04-02 10:08:13 INFO: Inserting from xml\AvisRevisions_20230701_20230731.xml
2025-04-02 10:17:21 INFO: Inserting from xml\ContratsRevisions_20230701_20230731.xml
2025-04-02 10:17:23 INFO: Inserting from xml\DepensesRevisions_20230701_20230731.xml
2025-04-02 10:17:23 INFO: Inserting from xml\Avis_20230801_20230831.xml
2025-04-02 11:04:42 INFO: Inserting from xml\Contrats_20230801_20230831.xml
2025-04-02 11:04:48 INFO: Inserting from xml\Depenses_20230801_20230831.xml
2025-04-02 11:04:49 INFO: Inserting from xml\AvisRevisions_20230801_20230831.xml
2025-04-02 11:19:05 INFO: Inserting from xml\ContratsRevisions_20230801_20230831.xml
2025-04-02 11:19:06 INFO: Inserting from xml\DepensesRevisions_20230801_20230831.xml
2025-04-02 11:19:06 INFO: Inserting from xml\Avis_20230901_20230930.xml
2025-04-02 12:02:39 INFO: Inserting from xml\Contrats_20230901_20230930.xml
2025-04-02 12:02:43 INFO: Inserting from xml\Depenses_20230901_20230930.xml
2025-04-02 12:02:43 INFO: Inserting from xml\AvisRevisions_20230901_20230930.xml
2025-04-02 12:16:28 INFO: Inserting from xml\ContratsRevisions_20230901_20230930.xml
2025-04-02 12:16:28 INFO: Inserting from xml\DepensesRevisions_20230901_20230930.xml
2025-04-02 12:16:28 INFO: Inserting from xml\Avis_20231001_20231031.xml
2025-04-02 13:06:56 INFO: Inserting from xml\Contrats_20231001_20231031.xml
2025-04-02 13:07:01 INFO: Inserting from xml\Depenses_20231001_20231031.xml
2025-04-02 13:07:02 INFO: Inserting from xml\AvisRevisions_20231001_20231031.xml
2025-04-02 13:21:00 INFO: Inserting from xml\ContratsRevisions_20231001_20231031.xml
2025-04-02 13:21:00 INFO: Inserting from xml\DepensesRevisions_20231001_20231031.xml
2025-04-02 13:21:01 INFO: Inserting from xml\Avis_20231101_20231130.xml
2025-04-02 14:09:23 INFO: Inserting from xml\Contrats_20231101_20231130.xml
2025-04-02 14:09:25 INFO: Inserting from xml\Depenses_20231101_20231130.xml
2025-04-02 14:09:26 INFO: Inserting from xml\AvisRevisions_20231101_20231130.xml
2025-04-02 14:23:55 INFO: Inserting from xml\ContratsRevisions_20231101_20231130.xml
2025-04-02 14:23:55 INFO: Inserting from xml\DepensesRevisions_20231101_20231130.xml
2025-04-02 14:23:57 INFO: Inserting from xml\Avis_20231201_20231231.xml
2025-04-02 15:14:13 INFO: Inserting from xml\Contrats_20231201_20231231.xml
2025-04-02 15:14:18 INFO: Inserting from xml\Depenses_20231201_20231231.xml
2025-04-02 15:14:19 INFO: Inserting from xml\AvisRevisions_20231201_20231231.xml
2025-04-02 15:25:48 INFO: Inserting from xml\ContratsRevisions_20231201_20231231.xml
2025-04-02 15:25:49 INFO: Inserting from xml\DepensesRevisions_20231201_20231231.xml
2025-04-02 15:25:50 INFO: Inserting from xml\Avis_20240101_20240131.xml
2025-04-02 16:23:48 INFO: Inserting from xml\Contrats_20240101_20240131.xml
2025-04-02 16:23:53 INFO: Inserting from xml\Depenses_20240101_20240131.xml
2025-04-02 16:23:54 INFO: Inserting from xml\AvisRevisions_20240101_20240131.xml
2025-04-02 16:37:59 INFO: Inserting from xml\ContratsRevisions_20240101_20240131.xml
2025-04-02 16:38:00 INFO: Inserting from xml\DepensesRevisions_20240101_20240131.xml
2025-04-02 16:38:00 INFO: Inserting from xml\Avis_20240201_20240229.xml
2025-04-02 17:43:49 INFO: Inserting from xml\Contrats_20240201_20240229.xml
2025-04-02 17:43:52 INFO: Inserting from xml\Depenses_20240201_20240229.xml
2025-04-02 17:43:54 INFO: Inserting from xml\AvisRevisions_20240201_20240229.xml
2025-04-02 17:58:31 INFO: Inserting from xml\ContratsRevisions_20240201_20240229.xml
2025-04-02 17:58:32 INFO: Inserting from xml\DepensesRevisions_20240201_20240229.xml
2025-04-02 17:58:32 INFO: Inserting from xml\Avis_20240301_20240331.xml
2025-04-02 19:05:18 INFO: Inserting from xml\Contrats_20240301_20240331.xml
2025-04-02 19:05:20 INFO: Inserting from xml\Depenses_20240301_20240331.xml
2025-04-02 19:05:20 INFO: Inserting from xml\AvisRevisions_20240301_20240331.xml
2025-04-02 19:17:49 INFO: Inserting from xml\ContratsRevisions_20240301_20240331.xml
2025-04-02 19:17:50 INFO: Inserting from xml\DepensesRevisions_20240301_20240331.xml
2025-04-02 19:17:50 INFO: Inserting from xml\Avis_20240401_20240430.xml
2025-04-02 20:29:53 INFO: Inserting from xml\Contrats_20240401_20240430.xml
2025-04-02 20:29:55 INFO: Inserting from xml\Depenses_20240401_20240430.xml
2025-04-02 20:29:55 INFO: Inserting from xml\AvisRevisions_20240401_20240430.xml
2025-04-02 20:42:25 INFO: Inserting from xml\ContratsRevisions_20240401_20240430.xml
2025-04-02 20:42:25 INFO: Inserting from xml\DepensesRevisions_20240401_20240430.xml
2025-04-02 20:42:25 INFO: Inserting from xml\Avis_20240501_20240531.xml
2025-04-02 21:57:50 INFO: Inserting from xml\Contrats_20240501_20240531.xml
2025-04-02 21:57:55 INFO: Inserting from xml\Depenses_20240501_20240531.xml
2025-04-02 21:57:56 INFO: Inserting from xml\AvisRevisions_20240501_20240531.xml
2025-04-02 22:13:36 INFO: Inserting from xml\ContratsRevisions_20240501_20240531.xml
2025-04-02 22:13:37 INFO: Inserting from xml\DepensesRevisions_20240501_20240531.xml
2025-04-02 22:13:38 INFO: Database connection closed.
